initialization...
[?25l
start capturing (stop with ctrl+c)
NMEA 0183 SENTENCE........: N/A
INTERFACE NAME............: wlan1
INTERFACE HARDWARE MAC....: 00c0cab05ae3
DRIVER....................: mt76x2u
DRIVER VERSION............: 5.15.32-v7+
DRIVER FIRMWARE VERSION...: 0.0.00-b1
ERRORMAX..................: 100 errors
BPF code blocks...........: 0
FILTERLIST ACCESS POINT...: 0 entries
FILTERLIST CLIENT.........: 0 entries
FILTERMODE................: unused
WEAK CANDIDATE............: 12345678
ESSID list................: 0 entries
ROGUE (ACCESS POINT)......: 100000e209d1 (BROADCAST HIDDEN)
ROGUE (ACCESS POINT)......: 1000000009d2 (BROADCAST OPEN)
ROGUE (ACCESS POINT)......: 100000e209d3 (incremented on every new client)
ROGUE (CLIENT)............: c022505d67d5
EAPOLTIMEOUT..............: 20000 usec
REPLAYCOUNT...............: 62476
ANONCE....................: c75fccfaeacf2083f38d7af3299090e61dc8fe73e352edecb2d9fe8e4cf8e8b4
SNONCE....................: d270398921e82a685d7804e0fed14ad746e943e9c283d561f92e4da79e5de006

12:24:28   6 ffffffffffff 841ea3283d76 SpectrumSetup-70 [BEACON]
12:24:28   6 ffffffffffff 6ccdd6e9221b Sdrewski [BEACON]
12:24:29   6 ffffffffffff a08e7827669e MySpectrumWiFi98-2G [BEACON]
12:24:31   6 c8c7501c8296 a08e7827669e MySpectrumWiFi98-2G [PROBERESPONSE]
12:24:32  11 ffffffffffff 28565ab836a0 elbudro-2G [BEACON]
12:24:32  11 ffffffffffff d8a75664ea3e WiBelieveICanFi [BEACON]
12:24:32  11 ffffffffffff 0836c9e56b63 JMa96-2.4 [BEACON]
12:24:32  11 ffffffffffff 802994ff81c8 TC8717TC2 [BEACON]
12:24:32  11 ffffffffffff 44a56e98871c TC8717TC2_2GEXT [BEACON]
12:24:33  11 3c22fbe2573d 802994ff81c8 TC8717TC2 [PROBERESPONSE]
12:24:36   3 ffffffffffff 08863b16ca88 belkin.a88 [BEACON]
12:24:44   1 ffffffffffff 7829ed17c427 MySpectrumWiFi29-2G [BEACON]
12:24:44   1 ffffffffffff 945330f7bb4d WIFIF7BB49 [BEACON]
12:24:44   1 ec8ac4343c71 945330f7bb4d WIFIF7BB49 [PROBERESPONSE]
12:24:44   1 ffffffffffff b07fb94f34da NETGEAR27_EXT [BEACON]
12:24:44   1 ffffffffffff 3453d22a046e SpectrumSetup-68 [BEACON]
12:24:45   1 ec8ac4343c71 945330f7bb4d WIFIF7BB49 [AUTHENTICATION]
12:24:45   1 ec8ac4343c71 945330f7bb4d WIFIF7BB49 [PMKID:0cd9b48d1cf0f4812ee2341b30a3b4e2 KDV:2]
12:24:45   1 ec8ac4343c71 945330f7bb4d WIFIF7BB49 [EAPOL:M1M2 EAPOLTIME:2932 RC:5 KDV:2]
12:24:45   1 ec8ac4343c71 945330f7bb4d WIFIF7BB49 [REASSOCIATION]
12:24:45   1 ec8ac4343c71 945330f7bb4d WIFIF7BB49 [EAPOL:M1M2ROGUE EAPOLTIME:4050 RC:62476 KDV:2]
12:24:48   6 2ae728c13b0b 346b462f8bae MySpectrumWiFia8-2G [PROBERESPONSE]
12:24:52  11 ffffffffffff a0639189cc68 NETGEAR01 [BEACON]
12:24:52  11 ffffffffffff 84a1d17bcaf8 MySpectrumWiFif2-2G [BEACON]
12:24:52  11 ffffffffffff 582ff773250e SpectrumSetup-08 [BEACON]
12:24:53  11 ffffffffffff 346b465b93ba MySpectrumWiFib4-2G [BEACON]
12:24:53  11 3894ed97a14b 0836c9e56b63 JMa96-2.4 [PROBERESPONSE]
12:24:54  11 ffffffffffff 541379fbb789 Diana [BEACON]
12:24:57   2 00a0969e0bd1 7829ed17c427 MySpectrumWiFi29-2G [PROBERESPONSE]
12:25:00   4 ffffffffffff c4411e94f2a2 Linksys [BEACON]
12:25:00   4 ffffffffffff ca411e94f2a2 [HIDDEN BEACON]
12:25:04   1 ffffffffffff 3894ed97a14b butler33_2GEXT_2GEXT [BEACON]
12:25:04   1 ffffffffffff 14b7f802c710 TC8717T0A [BEACON]
12:25:04   1 c022505d67d5 14b7f802c710 TC8717T0A [PMKIDROGUE:bb028fe03a8de3cf4649924c177b767f KDV:2]
12:25:06   1 b239560a9ca8 3894ed97a14b butler33_2GEXT_2GEXT [PROBERESPONSE]
12:25:08   6 ffffffffffff 48f8b3b1c06a elbudro [BEACON]
12:25:08   6 ffffffffffff 4ef8b3b1c06a Cisco28704-guest [BEACON]
12:25:16   7 ffffffffffff 3c846adcbb66 02102021 [BEACON]
12:25:16   7 ffffffffffff 204e7fa6a41e NETGEAR16 [BEACON]
12:25:16   7 ffffffffffff 86eaed4039fb [HIDDEN BEACON]
12:25:16   7 ec8ac4343c71 6ccdd6e9221b Sdrewski [PROBERESPONSE]
12:25:16   7 ffffffffffff 42846adcbb66 [HIDDEN BEACON]
12:25:17   7 34d2702a8b63 204e7fa6a41e NETGEAR16 [PROBERESPONSE]
12:25:17   7 34d2702a8b63 86eaed4039fb DIRECT-roku-WV4-4EA38A [PROBERESPONSE]
12:25:17   7 c022505d67d5 6ccdd6e9221b Sdrewski [PMKIDROGUE:8ce6e1086413a5c1711994c7e961733d KDV:2]
12:25:19   7 34d2702a8b63 204e7fa6a41e NETGEAR16 [AUTHENTICATION]
12:25:19   7 34d2702a8b63 204e7fa6a41e NETGEAR16 [ASSOCIATION]
12:25:19   7 34d2702a8b63 204e7fa6a41e NETGEAR16 [PMKID:6e12f1c3379d1f3595a58814e4f7e5ce KDV:2]
12:25:19   7 34d2702a8b63 204e7fa6a41e NETGEAR16 [EAPOL:M1M2 EAPOLTIME:6043 RC:1 KDV:2]
12:25:19   7 34d2702a8b63 204e7fa6a41e NETGEAR16 [EAPOL:M1M2ROGUE EAPOLTIME:1439 RC:62476 KDV:2]
12:25:25   1 ffffffffffff b42a0ea3dc14 TC8715D0E [BEACON]
12:25:27   1 ffffffffffff 3453d2bd8c88 SpectrumSetup-82 [BEACON]
12:25:27   1 ffffffffffff 1cb044b0970d MySpectrumWiFi0f-2G [BEACON]
12:25:28   6 ffffffffffff d80f99b8b90f MySpectrumWiFia8-2G [BEACON]
12:25:28   6 da3f2d6114eb d80f99b8b90f MySpectrumWiFia8-2G [PROBERESPONSE]
12:25:32  11 ffffffffffff 86eaed471219 [HIDDEN BEACON]
12:25:32  11 ec8ac4343c71 d8a75664ea3e WiBelieveICanFi [PROBERESPONSE]
12:25:33  11 c022505d67d5 28565ab836a0 elbudro-2G [PMKIDROGUE:1961d7ed6cf41f2af69af1edae5f9945 KDV:2]
12:25:33  11 46a56e08871c 802994ff81c8 TC8717TC2 [PMKID:6d8940e5aab8a2fb6c5164bb08822784 KDV:2]
12:25:35  11 fa13c7c5ab30 44a56e98871c TC8717TC2_2GEXT [PROBERESPONSE]
12:25:40  10 ffffffffffff 3c7c3faa0f80 ASUS IV [BEACON]
12:25:42  10 c022505d67d5 0836c9e56b63 JMa96-2.4 [PMKIDROGUE:0fbcf5b2c0bfeafa5cbff6bfc795a1e9 KDV:2]
12:25:43  10 8ab7f25e3b2a 28565ab836a0 elbudro-2G [PROBERESPONSE]
12:25:44   1 ffffffffffff fa6a1f386e99 SpectrumSetup-98 [BEACON]
12:25:44   1 2c641f7453cf 1cb044b0970d MySpectrumWiFi0f-2G [PROBERESPONSE]
12:25:48   6 ffffffffffff b2c745f332eb Extender [BEACON]
12:25:52  11 ffffffffffff 981e196da67e MySpectrumWiFi78-2G [BEACON]
12:25:52  11 ffffffffffff 04a222dd7dea Fios-6nZNy [BEACON]
12:25:53  11 84a134d04fc9 84a1d17bcaf8 MySpectrumWiFif2-2G [PROBERESPONSE]
12:25:54  11 ffffffffffff 4c710dd9fec2 RSCSWireless [BEACON]
12:25:54  11 ffffffffffff 4c710dd9fec0 RSCSD-Voice [BEACON]
12:25:55  11 c8c7501c8296 4c710dd9fec0 RSCSD-Voice [PROBERESPONSE]
12:25:55  11 c8c7501c8296 4c710dd9fec2 RSCSWireless [PROBERESPONSE]
12:26:04   1 ffffffffffff 08b4b19e073c .............. [BEACON]
12:26:05   1 ffffffffffff 78d294828055 NETGEAR51 [BEACON]
12:26:06   1 d625845bcc3b bca511f561af NETGEAR27 [PROBERESPONSE]
12:26:06   1 a25ece018a39 b07fb94f34da NETGEAR27_EXT [PROBERESPONSE]
12:26:07   1 7a72640046ef 3453d22a046e SpectrumSetup-68 [PROBERESPONSE]
12:26:07   1 24240eaac51c 0c80638461d3 SpectrumSetup-82_EXT [PROBERESPONSE]
12:26:08   6 ffffffffffff d8a7566e5bc6 Braniganhome [BEACON]
12:26:08   6 ffffffffffff 541379d6e92e WIFID6E92A [BEACON]
12:26:08   6 ffffffffffff 04d4c45ebfa0 ASUS_A0_2G [BEACON]
12:26:08   6 ffffffffffff 8e4962c8c1cd [HIDDEN BEACON]
12:26:08   6 b0c745f332eb 4ef8b3b1c06a Cisco28704-guest [PROBERESPONSE]
12:26:09   6 6452999dbf6d d8a7566e5bc6 Braniganhome [PROBERESPONSE]
12:26:09   6 909a77d4e2b4 b2c745f332eb Extender [PROBERESPONSE]
12:26:10   6 2caa8e121207 d8a7566e5bc6 Braniganhome [ASSOCIATION]
12:26:10   6 ffffffffffff 346b462f8bae MySpectrumWiFia8-2G [BEACON]
12:26:12  11 ffffffffffff 4c710dd9fec1 RSCSD_Secure [BEACON]
12:26:12  11 ffffffffffff 34db9c62789e MySpectrumWiFi98-2G [BEACON]
12:26:12  11 ffffffffffff d8a7566f651e MySpectrumWiFi18-2G [BEACON]
12:26:12  11 ffffffffffff 981e193d449e MySpectrumWiFi98-2G [BEACON]
12:26:15  11 f430b922cdfb 100000e209d6 Brooks Wifi [AUTHENTICATION]
12:26:30   6 b0c745f332eb a08e7827669e MySpectrumWiFi98-2G [ASSOCIATION]
12:26:30   6 b0c745f332eb a08e7827669e MySpectrumWiFi98-2G [EAPOL:M2M3 EAPOLTIME:5798 RC:553 KDV:2]
12:26:32  11 7612d4272d75 a0639189cc68 NETGEAR01 [PROBERESPONSE]
12:26:32  11 ec8eb5196899 346b465b93ba MySpectrumWiFib4-2G [PROBERESPONSE]
12:26:44   1 ffffffffffff 0c80638461d3 SpectrumSetup-82_EXT [BEACON]
12:26:45   1 b0c745f332eb a08e7827669e MySpectrumWiFi98-2G [AUTHENTICATION]
12:26:49   6 ffffffffffff 3c846adc8c10 [HIDDEN BEACON]
12:26:51   6 22dcf1ffa610 a08e7827669e MySpectrumWiFi98-2G [EAPOL:M1M2 EAPOLTIME:7250 RC:4 KDV:2]
12:26:51   6 22dcf1ffa610 a08e7827669e MySpectrumWiFi98-2G [EAPOL:M2M3 EAPOLTIME:4121 RC:5 KDV:2]
12:26:52  11 ffffffffffff 3c378655dd2a FlashRouter24 [BEACON]
12:26:55  11 ffffffffffff 500959ea4abc MONICA [BEACON]
12:26:56  11 ffffffffffff 705a9e521655 Pickens [BEACON]
12:26:56   7 ffffffffffff 3ea46adc8c10 02102021 [BEACON]
12:26:56   7 4c174411b68f 3c846adcbb66 02102021 [PROBERESPONSE]
12:27:04   1 723fc0f6530b 7829ed17c427 MySpectrumWiFi29-2G [AUTHENTICATION]
12:27:11   6 ffffffffffff b2007314166a myChevrolet [BEACON]
12:27:13  11 ffffffffffff 40b89adcd18c GroganWifi-2G [BEACON]
12:27:26   1 ffffffffffff 88571d969d1b [range]_E30AJT7113927P [BEACON]
12:27:29   6 ffffffffffff f855cd89b457 HotspotchZn [BEACON]
12:27:32  11 ffffffffffff ccf41135bc0b Wireless Nelson [BEACON]
12:27:32  11 b0c745f332eb 4c710dd9fec1 RSCSD_Secure [PROBERESPONSE]
12:27:34  11 c022505d67d5 40b89adcd18c GroganWifi-2G [PMKIDROGUE:0ef10c961541b56671deea9637132426 KDV:2]
12:27:34  11 ffffffffffff 329bd60ee070 Living Room TV [BEACON]
12:27:44   1 daf1691c6aa3 3453d2bd8c88 SpectrumSetup-82 [PROBERESPONSE]
12:27:44   1 daf1691c6aa3 88571d969d1b [range]_E30AJT7113927P [PROBERESPONSE]
12:27:45   1 24240eaac51c 3453d2bd8c88 SpectrumSetup-82 [AUTHENTICATION]
12:27:45   1 24240eaac51c 3453d2bd8c88 SpectrumSetup-82 [ASSOCIATION]
12:27:46   1 ffffffffffff 94a67e29410e NETGEAR51_2GEXT [BEACON]
12:27:49   6 e45f017fb193 100000e209dd JMa96-2.4 [AUTHENTICATION]
12:27:49   6 e45f017fb193 100000e209dd JMa96-2.4 [REASSOCIATION]
12:27:49   6 e45f017fb193 100000e209dd JMa96-2.4 [EAPOL:M1M2ROGUE EAPOLTIME:1674 RC:62476 KDV:2]
12:27:51   6 ffffffffffff 3c846adca119 [HIDDEN BEACON]
12:27:52  11 ffffffffffff 8a5a85827722 Oscarwifi [BEACON]
12:27:54  11 ffffffffffff 28565aad400e MONTICELLO [BEACON]
12:27:55  11 a44e31042f1c d8a7566f651e MySpectrumWiFi18-2G [PROBERESPONSE]
12:27:57   3 ffffffffffff a2c9eb32a430 Johnson [BEACON]
12:28:01   5 809133f80f8b 841ea3283d76 SpectrumSetup-70 [PROBERESPONSE]
12:28:06   1 ffffffffffff 98d8633ff028 WIFI-104-SSID-0 [BEACON]
12:28:07   1 e45f017fb193 14b7f802c710 TC8717T0A [PROBERESPONSE]
12:28:07   1 e45f017fb193 78d294828055 NETGEAR51 [PROBERESPONSE]
12:28:08   6 ffffffffffff 4c710d597de0 RSCSD-Voice [BEACON]
12:28:08   6 ffffffffffff 4c710d597de2 RSCSWireless [BEACON]
12:28:08   6 ffffffffffff 4c710d597de1 RSCSD_Secure [BEACON]
12:28:09   6 0a7e94abe06b 4c710d597de0 RSCSD-Voice [PROBERESPONSE]
12:28:09   6 0a7e94abe06b 3ea46adc8c10 02102021 [PROBERESPONSE]
12:28:09   6 c022505d67d5 4c710d597de2 RSCSWireless [PMKIDROGUE:07224675265dfaa77b338838a4e45d0a KDV:2]
12:28:11   6 ffffffffffff 3ea46adca119 02102021 [BEACON]
12:28:12  11 ffffffffffff 500959ea4b28 Dizzy [BEACON]
12:28:18   2 ffffffffffff 8edc969a1121 Mir-DirectOut [BEACON]
12:28:20   4 ffffffffffff aac9eb32a430 Johnson-Guest [BEACON]
12:28:20   4 ffffffffffff a2c9eb32e2f0 Johnson [BEACON]
12:28:20   4 ffffffffffff a6c9eb32a430 [HIDDEN BEACON]
12:28:21   4 ffffffffffff a6c9eb32e2f0 [HIDDEN BEACON]
12:28:21   4 8863df927d71 aac9eb32a430 Johnson-Guest [PROBERESPONSE]
12:28:21   4 8863df927d71 aac9eb32e2f0 Johnson-Guest [PROBERESPONSE]
12:28:21   4 8863df927d71 a2c9eb32e2f0 Johnson [PROBERESPONSE]
12:28:22   4 ffffffffffff aac9eb32e2f0 Johnson-Guest [BEACON]
12:28:22   4 ffffffffffff aac9eb3293a8 Johnson-Guest [BEACON]
12:28:22   4 ffffffffffff a2c9eb3293a8 Johnson [BEACON]
12:28:22   4 ffffffffffff a6c9eb3293a8 [HIDDEN BEACON]
12:28:24   1 e45f017fb193 94a67e29410e NETGEAR51_2GEXT [PROBERESPONSE]
12:28:28   6 ae50ab8a632a 4c710d597de2 RSCSWireless [PROBERESPONSE]
12:28:28   6 ffffffffffff a4973351fe55 SpectrumSetup-57 [BEACON]
12:28:31   6 c022505d67d5 4c710d597de0 RSCSD-Voice [PMKIDROGUE:ab945a1b15d6d491208019d6679ec4e7 KDV:2]
12:28:34  11 380195969a2a ccf41135bc0b Wireless Nelson [PROBERESPONSE]
12:28:38   7 2c27d78e1834 3c846adcbb66 02102021 [AUTHENTICATION]
12:28:38   7 2c27d78e1834 3c846adcbb66 02102021 [ASSOCIATION]
12:28:38   7 48a2e61329a8 3ea46adc8c10 02102021 [AUTHENTICATION]
12:28:38   7 48a2e61329a8 3ea46adc8c10 02102021 [REASSOCIATION]
12:28:38   7 4c174411b68f 3ea46adca119 02102021 [PROBERESPONSE]
12:28:39   7 fa13c7c5ab30 3ea46adca119 02102021 [AUTHENTICATION]
12:28:39   7 fa13c7c5ab30 3ea46adca119 02102021 [ASSOCIATION]
12:28:39   7 4c174411b68f 3c846adc8c10 02102021 [AUTHENTICATION]
12:28:39   7 4c174411b68f 3c846adc8c10 02102021 [ASSOCIATION]
12:28:39   7 fa13c7c5ab30 3ea46adca119 02102021 [EAPOL:M2M3 EAPOLTIME:2780 RC:2 KDV:2]
12:28:45   1 725b0e41e3a0 fe92bf54c25c watablet [PROBERESPONSE]
12:28:45   1 a27ef2f8fa27 fa92bf54c25c witech2 [PROBERESPONSE]
12:28:46   1 ffffffffffff e8ada632cb6e MySpectrumWiFi68-2G [BEACON]
12:28:53  11 ffffffffffff e8ada6378eee MySpectrumWiFie8-2G [BEACON]
12:28:54  11 6030d47059a8 500959ea4b28 Dizzy [PROBERESPONSE]
12:28:54  11 84eaedb3e66b 582ff773250e SpectrumSetup-08 [PROBERESPONSE]
12:28:58   8 ffffffffffff 4694ed1db1c8 22Monti-Guest [BEACON]
12:29:02  10 cc6da0d454cf 40b89adcd18c GroganWifi-2G [PROBERESPONSE]
12:29:04   1 ffffffffffff f492bf54c25c [HIDDEN BEACON]
12:29:04   1 ffffffffffff fe92bf54c25c watablet [BEACON]
12:29:04   1 ffffffffffff 404c77ede519 MySpectrumWiFi18-2G [BEACON]
12:29:04   1 ffffffffffff fa92bf54c25c witech2 [BEACON]
12:29:05   1 ffffffffffff 84a06ea5250e MySpectrumWiFi08-2G [BEACON]
12:29:06   1 3c9bd61dee1c 404c77ede519 MySpectrumWiFi18-2G [PROBERESPONSE]
12:29:07   1 020fb5ddbe9a 78d294828055 NETGEAR51 [AUTHENTICATION]
12:29:07   1 020fb5ddbe9a 78d294828055 NETGEAR51 [ASSOCIATION]
12:29:07   1 020fb5ddbe9a 78d294828055 NETGEAR51 [EAPOL:M2M3 EAPOLTIME:2719 RC:2 KDV:2]
12:29:07   1 020fb5ddbe9a 78d294828055 NETGEAR51 [EAPOL:M3M4ZEROED EAPOLTIME:18798 RC:2 KDV:2]
12:29:12  11 ffffffffffff d0bf9ca23139 HP-Print-39-ENVY 5530 series [BEACON]
12:29:13  11 c022505d67d5 500959ea4abc MONICA [PMKIDROGUE:e932d4b69ecffff2d498f1c2779abd67 KDV:2]
12:29:28   6 ffffffffffff e8d2ffb7f39e SpectrumSetup-98 [BEACON]
12:29:28   6 ffffffffffff 181bebcf18d3 LBJ7P [BEACON]
12:29:32  11 48d6d56631c3 ccf41135bc0b Wireless Nelson [ASSOCIATION]
12:29:32  11 48d6d5ce5ab3 ccf41135bc0b Wireless Nelson [EAPOL:M3M4ZEROED EAPOLTIME:6550 RC:2 KDV:2]
12:29:33  11 ffffffffffff c48e8fe6dc8f WIFIE6DC8B [BEACON]
12:29:33  11 c022505d67d5 c48e8fe6dc8f WIFIE6DC8B [PMKIDROGUE:fc93e4b5bae780bc1f5d7ec1e6904b57 KDV:2]
12:29:34  11 cc6da0d454cf 40b89adcd18c GroganWifi-2G [EAPOL:M1M2 EAPOLTIME:2884 RC:5 KDV:2]
12:29:35  11 b8a175e672d0 e8ada6378eee MySpectrumWiFie8-2G [PROBERESPONSE]
12:29:45   1 ffffffffffff aeae19d17e6c [HIDDEN BEACON]
12:29:45   1 48d6d56631c3 e8ada632cb6e MySpectrumWiFi68-2G [PROBERESPONSE]
12:29:46   1 26550fb19564 7cdb9885331f 9G5HP - 2G [PROBERESPONSE]
12:29:47   1 ffffffffffff 88dc969a1121 Chromebook_WiFi [BEACON]
12:29:51   6 4a69246cb055 a4973351fe55 SpectrumSetup-57 [PROBERESPONSE]
12:29:54  11 e45f017fb193 d0bf9ca23139 HP-Print-39-ENVY 5530 series [PROBERESPONSE]
12:29:56   2 ffffffffffff 0054afd767fc Hotspot67FC [BEACON]
12:29:57   2 9a7a776781c1 0054afd767fc Hotspot67FC [PROBERESPONSE]
12:29:59   2 96a67e09410e 78d294828055 NETGEAR51 [EAPOL:M1M2 EAPOLTIME:8692 RC:1 KDV:2]
12:29:59   2 96a67e09410e 78d294828055 NETGEAR51 [EAPOL:M2M3 EAPOLTIME:2751 RC:2 KDV:2]
12:29:59   2 96a67e09410e 78d294828055 NETGEAR51 [EAPOL:M3M4ZEROED EAPOLTIME:13409 RC:2 KDV:2]
12:30:04   1 ffffffffffff d405984c2bc0 TG1672GC2 [BEACON]
12:30:04   1 ffffffffffff 841ea3bee876 SpectrumSetup-70 [BEACON]
12:30:04   1 d86c63781a70 d405984c2bc0 TG1672GC2 [PROBERESPONSE]
12:30:15  11 cc6da0d454cf 40b89adcd18c GroganWifi-2G [AUTHENTICATION]
12:30:15  11 cc6da0d454cf 40b89adcd18c GroganWifi-2G [ASSOCIATION]
12:30:17   7 2c27d78e1834 3c846adcbb66 02102021 [EAPOL:M1M2ROGUE EAPOLTIME:4830 RC:62476 KDV:2]
12:30:17   7 3ed46adca119 42846adcbb66 [ESSID NOT RECEIVED YET] [EAPOL:M1M2 EAPOLTIME:10942 RC:3 KDV:2]
12:30:17   7 3ed46adca119 42846adcbb66 [ESSID NOT RECEIVED YET] [EAPOL:M2M3 EAPOLTIME:13001 RC:4 KDV:2]
12:30:18   7 3ed46adca119 42846adcbb66 zEQQfsLlc/D+bcwF [AUTHENTICATION]
12:30:18   7 3ed46adca119 42846adcbb66 zEQQfsLlc/D+bcwF [PROBERESPONSE]
12:30:18   7 ffffffffffff 3e94ed1db060 22Monti [BEACON]
12:30:18   7 48a2e61329a8 3ea46adc8c10 02102021 [EAPOL:M1M2ROGUE EAPOLTIME:1504 RC:62476 KDV:2]
12:30:18   7 fa13c7c5ab30 3c846adcbb66 02102021 [EAPOL:M2M3 EAPOLTIME:13048 RC:3 KDV:2]
12:30:18   7 fa13c7c5ab30 3c846adcbb66 02102021 [EAPOL:M3M4ZEROED EAPOLTIME:5150 RC:3 KDV:2]
12:30:19   7 ffffffffffff 3e94ed1db1c8 22Monti [BEACON]
12:30:24   1 ffffffffffff 3835fbe37e76 MySpectrumWiFi70-2G [BEACON]
12:30:25   1 ffffffffffff 7cdb9885331f 9G5HP - 2G [BEACON]
12:30:25   1 ffffffffffff 34db9c658eb6 MySpectrumWiFib0-2G [BEACON]
12:30:27   1 8274891c8c37 84a06ea5250e MySpectrumWiFi08-2G [PROBERESPONSE]
12:30:32  11 48d6d56631c3 ccf41135bc0b Wireless Nelson [EAPOL:M1M2 EAPOLTIME:2800 RC:1 KDV:2]
12:30:33  11 48d6d56631c3 ccf41135bc0b Wireless Nelson [AUTHENTICATION]
12:30:33  11 48d6d56631c3 705a9e521655 Pickens [PROBERESPONSE]
12:30:33  11 e45f017fb193 500959ea4abc MONICA [PROBERESPONSE]
12:30:34  11 48d6d56631c3 ccf41135bc0b Wireless Nelson [EAPOL:M1M2 EAPOLTIME:2451 RC:2 KDV:2]
12:30:34  11 48d6d56631c3 ccf41135bc0b Wireless Nelson [EAPOL:M2M3 EAPOLTIME:2128 RC:3 KDV:2]
12:30:34  11 48d6d56631c3 ccf41135bc0b Wireless Nelson [EAPOL:M3M4ZEROED EAPOLTIME:3199 RC:3 KDV:2]
12:30:35  11 48d6d5ce5ab3 ccf41135bc0b Wireless Nelson [EAPOL:M3M4ZEROED EAPOLTIME:2334 RC:2 KDV:2]
12:30:35  11 ffffffffffff 0071cc24f3aa stupid [BEACON]
12:30:36   8 ffffffffffff 4294ed1db1c8 [HIDDEN BEACON]
12:30:46   1 ffffffffffff 84a06eacd71e MySpectrumWiFi18-2G [BEACON]
12:30:50   6 32d2d14c72e2 e8d2ffb7f39e SpectrumSetup-98 [PROBERESPONSE]
12:31:08   6 ffffffffffff a4973300b7ff SpectrumSetup-01 [BEACON]
12:31:09   6 0c8b7db6c12f a4973300b7ff SpectrumSetup-01 [PROBERESPONSE]
12:31:09   6 0c8b7db6c12f a4973300b7ff SpectrumSetup-01 [AUTHENTICATION]
12:31:09   6 380195969a2a 181bebcf18d3 LBJ7P [PROBERESPONSE]
12:31:12  11 ffffffffffff e8ada64cb6ce MySpectrumWiFic8-2G [BEACON]
12:31:12  11 e238bbfb7080 e8ada64cb6ce MySpectrumWiFic8-2G [PROBERESPONSE]
12:31:12  11 e45f017fb193 c48e8fe6dc8f WIFIE6DC8B [PROBERESPONSE]
12:31:13  11 54e019b284d9 ccf41135bc0b Wireless Nelson [EAPOL:M1M2 EAPOLTIME:15341 RC:1 KDV:2]
12:31:13  11 54e019b284d9 ccf41135bc0b Wireless Nelson [EAPOL:M2M3 EAPOLTIME:3312 RC:2 KDV:2]
12:31:13  11 c022505d67d5 28565aad400e MONTICELLO [PMKIDROGUE:04dea2b9800475e0fd0b32e3b44109be KDV:2]
12:31:13  11 ffffffffffff 84e892f79507 H6BYS [BEACON]
12:31:13  11 ffffffffffff 288088e0283d NETGEAR01_2GEXT [BEACON]
12:31:13  11 ffffffffffff b42a0e9e9deb TC8717TE5 [BEACON]
12:31:13  11 54e019b284d9 ccf41135bc0b Wireless Nelson [AUTHENTICATION]
12:31:13  11 54e019b284d9 ccf41135bc0b Wireless Nelson [EAPOL:M1M2 EAPOLTIME:15679 RC:1 KDV:2]
12:31:13  11 54e019b284d9 ccf41135bc0b Wireless Nelson [EAPOL:M2M3 EAPOLTIME:5094 RC:2 KDV:2]
12:31:13  11 54e019b284d9 ccf41135bc0b Wireless Nelson [EAPOL:M3M4ZEROED EAPOLTIME:4550 RC:2 KDV:2]
12:31:14  11 00037ff89d9d e8ada64cb6ce MySpectrumWiFic8-2G [AUTHENTICATION]
12:31:14  11 00037ff89d9d e8ada64cb6ce MySpectrumWiFic8-2G [ASSOCIATION]
12:31:21   5 ffffffffffff 788a20b71edd JJAWIFI [BEACON]
12:31:24   1 ffffffffffff f8aa3fcf5ac3 SpectrumSetup-C1 [BEACON]
12:31:25   1 f8fce1b727d8 34db9c658eb6 MySpectrumWiFib0-2G [PROBERESPONSE]
12:31:26   1 6e25d15e251a 841ea3bee876 SpectrumSetup-70 [PROBERESPONSE]
12:31:28   6 ffffffffffff f855cdb1aa1d HotspotG8B4 [BEACON]
12:31:29   6 e45f017fb193 f855cdb1aa1d HotspotG8B4 [PROBERESPONSE]
12:31:32  11 ffffffffffff 0862663afc00 72main [BEACON]
12:31:32  11 ffffffffffff 6a37e96d81b7 [HIDDEN BEACON]
12:31:35  11 e45f017fb193 6a37e96d81b7 DIRECT-Rt-FireTV_8420 [PROBERESPONSE]
12:31:35  11 e45f017fb193 88de7c96d721 Aaronswifi [PROBERESPONSE]
12:31:42   4 a0d0dc5313c0 a2c9eb3293a8 Johnson [PROBERESPONSE]
12:31:42   4 a0d0dc5313c0 a2c9eb32a430 Johnson [PROBERESPONSE]
12:31:42   4 a0d0dc5313c0 a2c9eb32e2f0 Johnson [AUTHENTICATION]
12:31:42   4 a0d0dc5313c0 a2c9eb32e2f0 Johnson [ASSOCIATION]
12:31:42   4 a0d0dc5313c0 a2c9eb32e2f0 Johnson [EAPOL:M1M2ROGUE EAPOLTIME:1413 RC:62476 KDV:2]
12:31:43   4 a0d0dc5313c0 aac9eb3293a8 Johnson-Guest [PROBERESPONSE]
12:31:45   1 e45f017fb193 98d8633ff028 WIFI-104-SSID-0 [PROBERESPONSE]
12:31:45   1 e45f017fb193 84a06eacd71e MySpectrumWiFi18-2G [PROBERESPONSE]
12:31:48   6 ffffffffffff 7cdb98e6f183 MySpectrumWiFi85-2G [BEACON]
12:31:48   6 10e7c6d561ae 9072400df88e Ocquionis [PROBERESPONSE]
12:31:49   6 28187895823b 7cdb98e6f183 MySpectrumWiFi85-2G [PROBERESPONSE]
12:31:51   6 ffffffffffff 9072400df88e Ocquionis [BEACON]
12:31:52  11 ffffffffffff 6245b6a70127 [HIDDEN BEACON]
12:31:56   7 ffffffffffff 4294ed1db00b [HIDDEN BEACON]
12:31:57   7 ffffffffffff 4294ed1db060 [HIDDEN BEACON]
12:31:57   7 ffffffffffff 7ed294b2b7ba 22Monti [BEACON]
12:31:57   7 ffffffffffff 4694ed1db00b 22Monti-Guest [BEACON]
12:31:57   7 ffffffffffff 86d294b2b7ba 22Monti-Guest [BEACON]
12:31:57   7 ffffffffffff 3e94ed1db00b 22Monti [BEACON]
12:31:59   7 446132ac80f6 3e94ed1db1c8 22Monti [PROBERESPONSE]
12:31:59   7 ffffffffffff 4694ed1db060 22Monti-Guest [BEACON]
12:31:59   7 446132ac80f6 3e94ed1db060 22Monti [PROBERESPONSE]
12:31:59   7 446132ac80f6 4694ed1db1c8 22Monti-Guest [PROBERESPONSE]
12:31:59   7 446132ac80f6 4694ed1db060 22Monti-Guest [PROBERESPONSE]
12:32:02   9 e45f017fb193 0862663afc00 72main [PROBERESPONSE]
12:32:03   9 ffffffffffff 82d294b2b7ba [HIDDEN BEACON]
12:32:07   1 acae19d17e6c e8ada632cb6e MySpectrumWiFi68-2G [AUTHENTICATION]
12:32:07   1 acae19d17e6c e8ada632cb6e MySpectrumWiFi68-2G [ASSOCIATION]
12:32:07   1 acae19d17e6c e8ada632cb6e MySpectrumWiFi68-2G [EAPOL:M1M2ROGUE EAPOLTIME:1423 RC:62476 KDV:2]
12:32:08   6 ffffffffffff ea29d0d4a26c crystal house [BEACON]
12:32:09   6 aec9eb3293a8 788a20b71edd JJAWIFI [PROBERESPONSE]
12:32:13  11 ffffffffffff ac3b77ce5aec MySpectrumWiFie6-2G [BEACON]
12:32:14  11 ffffffffffff 1cb044dec11b supernova [BEACON]
12:32:14  11 0c9160c1a99b 100000e209e8 MySpectrumWiFi68-2G [AUTHENTICATION]
12:32:15  11 0c9160c1a99b 100000e209e8 MySpectrumWiFi68-2G [ASSOCIATION]
12:32:15  11 ffffffffffff be428ccb505a myChevrolet [BEACON]
12:32:16   8 90324b74f708 7ed294b2b7ba 22Monti [PROBERESPONSE]
12:32:16   8 90324b74f708 3e94ed1db00b 22Monti [PROBERESPONSE]
12:32:17   8 341513f0765b 3e94ed1db060 22Monti [AUTHENTICATION]
12:32:17   8 341513f0765b 3e94ed1db060 22Monti [ASSOCIATION]
12:32:17   8 341513f0765b 3e94ed1db060 22Monti [EAPOL:M1M2ROGUE EAPOLTIME:15790 RC:62476 KDV:2]
12:32:20  10 ffffffffffff 7a803808fefd [HIDDEN BEACON]
12:32:22  10 c022505d67d5 0862663afc00 72main [PMKIDROGUE:d2484d4212f2b255be661218cd922d6a KDV:2]
12:32:26   1 ba788c77db28 8edc969a1121 Mir-DirectOut [PROBERESPONSE]
12:32:28   6 ffffffffffff b6ec02eb7228 myChevrolet [BEACON]
12:32:29   6 22dcf1ffa610 a08e7827669e MySpectrumWiFi98-2G [EAPOL:M1M2 EAPOLTIME:3057 RC:6 KDV:2]
12:32:32  11 ffffffffffff 78617c6ff162 WiFi Hotspot 3637 [BEACON]
12:32:32  11 b4ec026b7228 78617c6ff162 WiFi Hotspot 3637 [PROBERESPONSE]
12:32:44   1 ffffffffffff a89a93a0c2ae MySpectrumWiFia8-2G [BEACON]
12:32:44   1 ffffffffffff 441ca8d46550 WIFID4654C [BEACON]
12:32:44   1 ffffffffffff b0b98aea31f8 NETGEAR32 [BEACON]
12:32:45   1 ffffffffffff a0648fe1a36f MySpectrumWiFi71-2G [BEACON]
12:32:45   1 c022505d67d5 b0b98aea31f8 NETGEAR32 [PMKIDROGUE:a23a795ee9b230ccf9d12b74df328d28 KDV:2]
12:32:45   1 10e7c6d561ae b0b98aea31f8 NETGEAR32 [PROBERESPONSE]
12:32:45   1 ffffffffffff 945330f806fd Francis315 [BEACON]
12:32:45   1 842afde60505 441ca8d46550 WIFID4654C [PMKID:ba5c6cc6525b31ace3c304414376fe03 KDV:2]
12:32:46   1 b00cd1abab21 f8aa3fcf5ac3 SpectrumSetup-C1 [PROBERESPONSE]
12:32:49   6 ffffffffffff 7cdb983003d3 MySpectrumWiFiD5-2G [BEACON]
12:32:52  11 ffffffffffff 346895f409bf Home [BEACON]
12:32:53  11 6a7f23e3807d b42a0e9e9deb TC8717TE5 [PROBERESPONSE]
12:32:54  11 fad5b8a7a850 346895f409bf Home [PROBERESPONSE]
12:32:54  11 c022505d67d5 500959ea4b28 Dizzy [PMKIDROGUE:71bed2ab50efa8ba3d8a0e5ce9dfa853 KDV:2]
12:32:54  11 ffffffffffff d4c9ef7877d6 HP-Print-D6-Officejet 6600 [BEACON]
12:32:54  11 c022505d67d5 346895f409bf Home [PMKIDROGUE:b5873fad242fd46347e039baed42d623 KDV:2]
12:32:57   3 c83dd46a26ad 88dc969a1121 Chromebook_WiFi [PROBERESPONSE]
12:33:04   1 842afde60505 441ca8d46550 WIFID4654C [PROBERESPONSE]
12:33:05   1 0c9160c1a99b e8ada632cb6e MySpectrumWiFi68-2G [EAPOL:M1M2 EAPOLTIME:4784 RC:1 KDV:2]
12:33:05   1 0c9160c1a99b e8ada632cb6e MySpectrumWiFi68-2G [EAPOL:M2M3 EAPOLTIME:3283 RC:2 KDV:2]
12:33:06   1 ffffffffffff 582ff7f2b568 TG1672G32 [BEACON]
12:33:06   1 ffffffffffff fc528d06b7d7 Eaglesnest [BEACON]
12:33:27   1 0c9160c1a99b e8ada632cb6e MySpectrumWiFi68-2G [AUTHENTICATION]
12:33:36   7 fa13c7c5ab30 3c846adcbb66 02102021 [AUTHENTICATION]
12:33:44   1 ffffffffffff dac46a28ef97 DIRECT-Mg-Car_89fd [BEACON]
12:33:45   1 9e48dc047c99 dac46a28ef97 DIRECT-Mg-Car_89fd [PROBERESPONSE]
12:33:52  11 ffffffffffff 1cb044df6913 MySpectrumWiFi15-2G [BEACON]
12:33:53  11 ffffffffffff 8815446010ce Richfield Springs Public Library [BEACON]
12:33:53  11 ffffffffffff 8e15446010ce rs-staff [BEACON]
12:33:54  11 6a2bda77de9a 34db9c62789e MySpectrumWiFi98-2G [PROBERESPONSE]
12:33:54  11 e45f017fb193 d4c9ef7877d6 HP-Print-D6-Officejet 6600 [PROBERESPONSE]
12:33:55  11 ffffffffffff 582ff77398a6 Grandkids [BEACON]
12:34:04   1 ec3dfd318051 fc528d06b7d7 Eaglesnest [PROBERESPONSE]
12:34:04   1 ec3dfd318051 582ff762effe SpectrumSetup-F8 [PROBERESPONSE]
12:34:04   1 ffffffffffff 441ca8ceb813 JohnDeere-Wifi-2g [BEACON]
12:34:04   1 ffffffffffff 84a06ea4a846 MySpectrumWiFi40-2G [BEACON]
12:34:05   1 ffffffffffff 008764719402 RSCSWireless [BEACON]
12:34:07   1 ffffffffffff 3c8cf8ed9f19 TRENDnet740_FS8Y [BEACON]
12:34:07   1 ffffffffffff 84a1d179eae8 MySpectrumWiFie2-2G [BEACON]
12:34:07   1 ffffffffffff 582ff762effe SpectrumSetup-F8 [BEACON]
12:34:08   6 ffffffffffff 32b4b827d4a2 My VW 7494 [BEACON]
12:34:08   6 ffffffffffff a86badabf55a Home [BEACON]
12:34:09   6 c022505d67d5 a86badabf55a Home [PMKIDROGUE:33a494f554c1aae703ccf7b7e77b8c60 KDV:2]
12:34:10   6 ffffffffffff 70f196ae903b Wilbur [BEACON]
12:34:10   6 e45f017fb193 4c710d597de1 RSCSD_Secure [PROBERESPONSE]
12:34:11   6 ffffffffffff 008764718861 RSCSD-Voice [BEACON]
12:34:11   6 ffffffffffff 008764718862 RSCSWireless [BEACON]
12:34:11   6 ffffffffffff 008764718863 [HIDDEN BEACON]
12:34:11   6 c022505d67d5 008764718862 RSCSWireless [PMKIDROGUE:14f3c853b05546e38fa46784055e3cb9 KDV:2]
12:34:11   6 44d878a8a53c a86badabf55a Home [PROBERESPONSE]
12:34:11   6 2ab4241eaeb7 ea29d0d4a26c crystal house [PROBERESPONSE]
12:34:12  11 ffffffffffff 7802b1259b81 RSCSWireless [BEACON]
12:34:12  11 c022505d67d5 7802b1259b81 RSCSWireless [PMKIDROGUE:54f4cffdf2ecc9527369e619989d9ab3 KDV:2]
12:34:13  11 ffffffffffff f03e90605493 island-205490 [BEACON]
12:34:13  11 ffffffffffff b615446010ce [HIDDEN BEACON]
12:34:13  11 ac675df96ef6 8815446010ce Richfield Springs Public Library [PROBERESPONSE]
12:34:13  11 ac675df96ef6 8e15446010ce rs-staff [PROBERESPONSE]
12:34:13  11 ffffffffffff 6245b7f133ac [HIDDEN BEACON]
12:34:15  11 eabc2d2fb161 ac3b77ce5aec MySpectrumWiFie6-2G [PROBERESPONSE]
12:34:15  11 ffffffffffff 7802b1259b80 RSCSD_Secure [BEACON]
12:34:15  11 ffffffffffff 7802b1259921 RSCSWireless [BEACON]
12:34:26   1 ffffffffffff 7802b1259de0 RSCSD_Secure [BEACON]
12:34:26   1 ffffffffffff 7802b1259de1 RSCSWireless [BEACON]
12:34:26   1 ffffffffffff 7802b1259de2 [HIDDEN BEACON]
12:34:26   1 c022505d67d5 7802b1259de1 RSCSWireless [PMKIDROGUE:07cf7a903c5008f3cc235fd266f9277e KDV:2]
12:34:26   1 f03e90a05498 7802b1259de1 RSCSWireless [PROBERESPONSE]
12:34:26   1 c022505d67d5 fc528d06b7d7 Eaglesnest [PMKIDROGUE:d3cef9f35e7a870d6dc29452926c870e KDV:2]
12:34:27   1 ffffffffffff 7802b12519c1 RSCSD-Voice [BEACON]
12:34:27   1 c022505d67d5 7802b12519c1 RSCSD-Voice [PMKIDROGUE:204060dc54ed17196b1af76bfdc7a475 KDV:2]
12:34:29   6 ffffffffffff f8aa3fea50e7 SpectrumSetup-E5 [BEACON]
12:34:29   6 12b01464a9cc 32b4b827d4a2 My VW 7494 [PROBERESPONSE]
12:34:32  11 ffffffffffff 582ff7f18a31 SpectrumSetup-2B [BEACON]
12:34:34  11 ffffffffffff 7802b1257620 RSCSD_Secure [BEACON]
12:34:34  11 10e7c6d561ae 1cb044dec11b supernova [PROBERESPONSE]
12:34:34  11 ffffffffffff 7802b1257622 [HIDDEN BEACON]
12:34:34  11 ffffffffffff 7802b1257621 RSCSWireless [BEACON]
12:34:34  11 c022505d67d5 7802b1257621 RSCSWireless [PMKIDROGUE:f060dd28adc379b8c9afc84a6f564403 KDV:2]
12:34:38   3 ffffffffffff 78d2946ffa22 Randy [BEACON]
12:34:46   1 ffffffffffff 7802b12595e2 RSCSWireless [BEACON]
12:34:47   1 ffffffffffff 7802b125a0c0 RSCSD_Secure [BEACON]
12:34:47   1 ffffffffffff 7802b125a0c3 [HIDDEN BEACON]
12:34:47   1 ffffffffffff c4b36a1ae5c1 RSCSD-Voice [BEACON]
12:34:47   1 ffffffffffff c4b36a1ae5c2 RSCSWireless [BEACON]
12:34:47   1 ffffffffffff 981e194bfcbe COCU 2G [BEACON]
12:34:47   1 ffffffffffff 7802b125a0c1 RSCSD-Voice [BEACON]
12:34:47   1 ffffffffffff c4b36a1ae5c0 RSCSD_Secure [BEACON]
12:34:52  11 ffffffffffff 3cbdc544af86 Fios-6nZNy [BEACON]
12:34:52  11 ffffffffffff 008764719301 RSCSD-Voice [BEACON]
12:34:52  11 ffffffffffff 08d59d035f6e EN2017 [BEACON]
12:34:52  11 c2b08b680c3d 981e193d449e MySpectrumWiFi98-2G [PROBERESPONSE]
12:34:54  11 ffffffffffff 008764719300 RSCSD_Secure [BEACON]
12:34:54  11 ffffffffffff 008764719302 RSCSWireless [BEACON]
12:34:54  11 ffffffffffff 008764719303 [HIDDEN BEACON]
12:34:54  11 b8782e036634 582ff77398a6 Grandkids [PROBERESPONSE]
12:35:00   4 ffffffffffff 8c3bad400b0e Village [BEACON]
12:35:01   4 ffffffffffff 22efbda473fd [HIDDEN BEACON]
12:35:04   1 ffffffffffff c4b36a1ae5c3 [HIDDEN BEACON]
12:35:06   1 c022505d67d5 c4b36a1ae5c1 RSCSD-Voice [PMKIDROGUE:26b965c9f029156c68c1b81f13b41524 KDV:2]
12:35:06   1 e45f017fb193 c4b36a1ae5c2 RSCSWireless [PROBERESPONSE]
12:35:10   6 ffffffffffff 4c710d597a80 RSCSD-Voice [BEACON]
12:35:10   6 ffffffffffff 4c710d597a81 RSCSD_Secure [BEACON]
12:35:10   6 ffffffffffff 4c710d597a82 RSCSWireless [BEACON]
12:35:13  11 ffffffffffff 7802b1258c60 RSCSD_Secure [BEACON]
12:35:13  11 ffffffffffff 7802b1258c61 RSCSWireless [BEACON]
12:35:13  11 ffffffffffff 7802b1258c62 [HIDDEN BEACON]
12:35:13  11 b068e69868b9 f03e90605493 island-205490 [PROBERESPONSE]
12:35:14  11 ffffffffffff b42a0e0efa76 TC8715D70 [BEACON]
12:35:15  11 ffffffffffff a89a93c32876 MySpectrumWiFi70-2G [BEACON]
12:35:15  11 ffffffffffff 4a63fc9c61f7 KaleighandAce [BEACON]
12:35:15  11 ffffffffffff e8ada65bccee MySpectrumWiFie8-2G [BEACON]
12:35:19   7 ffffffffffff cc40d0711551 NETGEAR20 [BEACON]
12:35:20   9 ffffffffffff 106f3fda5de4 RevDrNoble [BEACON]
12:35:20   9 ffffffffffff e89f80ed5789 VMG ENTERPRISES [BEACON]
12:35:20   9 48a2e66842b5 e89f80ed5789 VMG ENTERPRISES [PROBERESPONSE]
12:35:21   9 48a2e66842b5 e89f80ed5789 VMG ENTERPRISES [AUTHENTICATION]
12:35:21   9 48a2e66842b5 e89f80ed5789 VMG ENTERPRISES [REASSOCIATION]
12:35:21   9 ffffffffffff 94a67edff7bd NETGEAR66 [BEACON]
12:35:23   9 48a2e66842b5 e89f80ed5789 VMG ENTERPRISES [EAPOL:M3M4ZEROED EAPOLTIME:4814 RC:2 KDV:2]
12:35:24   1 ffffffffffff 84a1d17e85d8 MySpectrumWiFid2-2G [BEACON]
12:35:24   1 ffffffffffff a497332f80df Dunder Mifflin [BEACON]
12:35:24   1 ffffffffffff 00778d1d8f20 RSCSD_Secure [BEACON]
12:35:24   1 e24c1fa47fb7 441ca8ceb813 JohnDeere-Wifi-2g [PROBERESPONSE]
12:35:25   1 ffffffffffff 4c710d597f21 RSCSD_Secure [BEACON]
12:35:25   1 ffffffffffff 1cb0445ed079 May the wifi be with you 2G [BEACON]
12:35:26   1 1c3008052f0d a497332f80df Dunder Mifflin [PROBERESPONSE]
12:35:26   1 ffffffffffff 22ad56334759 Hotspot4759 [BEACON]
12:35:26   1 ffffffffffff 00778d1d8f21 RSCSWireless [BEACON]
12:35:26   1 ffffffffffff 00778d1d8f22 [HIDDEN BEACON]
12:35:26   1 48a2e66842b5 0068eb06fdf5 DIRECT-F4-HP DeskJet 2600 series [PROBERESPONSE]
12:35:26   1 ffffffffffff 541379e427ab DDW3611B0 [BEACON]
12:35:27   1 0ae8fa287d9e 4c710d597f20 RSCSD-Voice [PROBERESPONSE]
12:35:27   1 0ae8fa287d9e 4c710d597f22 RSCSWireless [PROBERESPONSE]
12:35:27   1 d4abcd95fbaa 44adb13f914e SpectrumSetup-48 [PROBERESPONSE]
12:35:27   1 ffffffffffff a4887336a500 Spectrum Free Trial [BEACON]
12:35:27   1 90a82249d5e1 fcecdaf4674b HBinsurance [PROBERESPONSE]
12:35:27   1 ffffffffffff feecdaf4674b HB Geust [BEACON]
12:35:27   1 ffffffffffff 4c710d597f20 RSCSD-Voice [BEACON]
12:35:28   6 1c3008052f0d 541379d6e92e WIFID6E92A [PROBERESPONSE]
12:35:28   6 3e2303379597 04d4c45ebfa0 ASUS_A0_2G [PROBERESPONSE]
12:35:28   6 6ae66f43940a d80f99b8b90f MySpectrumWiFia8-2G [PMKID:e59bb2ad8eb259ff53795b237a1a3685 KDV:2]
12:35:29   6 c022505d67d5 541379d6e92e WIFID6E92A [PMKIDROGUE:9c2c6f1903ce800ff315dafaebda6122 KDV:2]
12:35:29   6 ffffffffffff a0648f947491 MySpectrumWiFi93-2G [BEACON]
12:35:30   6 ffffffffffff 30f77289f39f Scooter [BEACON]
12:35:30   6 ffffffffffff a86badf04c2c Mickey [BEACON]
12:35:30   6 0004f31ab8da 0068ebd2314d DIRECT-4C-HP OfficeJet Pro 6970 [PROBERESPONSE]
12:35:32  11 0e4d1ffae9dc 0e1a8cad9af5 Aubuchon_PublicWiFi [PROBERESPONSE]
12:35:32  11 0e4d1ffae9dc 061a8cad9af5 Aubuchon_VendorWiFi [PROBERESPONSE]
12:35:32  11 ffffffffffff 0a1a8cad9af5 [HIDDEN BEACON]
12:35:33  11 ffffffffffff 705a9e6b9a49 RABBIT-Ethernet [BEACON]
12:35:33  11 ffffffffffff 061a8cad9af5 Aubuchon_VendorWiFi [BEACON]
12:35:34  11 ffffffffffff 0e1a8cad9af5 Aubuchon_PublicWiFi [BEACON]
12:35:35  11 ffffffffffff c85acf18273d DIRECT-3B-HP DeskJet 4100 series [BEACON]
12:35:35  11 ffffffffffff 001a8cad9af5 [HIDDEN BEACON]
12:35:35  11 1c3008052f0d 705a9e6b9a49 RABBIT-Ethernet [PROBERESPONSE]
12:35:36   8 dca266a3c309 94a67edff7bd NETGEAR66 [PROBERESPONSE]
12:35:45   1 e45f017fb193 c4b36a1ae5c0 RSCSD_Secure [PROBERESPONSE]
12:35:45   1 e45f017fb193 c4b36a1ae5c1 RSCSD-Voice [PROBERESPONSE]
12:35:52  11 ffffffffffff 841ea3c9255e SpectrumSetup-58 [BEACON]
12:36:04   1 ffffffffffff 7c5a1ce1e715 Aubuchon_VendorWiFi [BEACON]
12:36:04   1 ffffffffffff 4c710d597f22 RSCSWireless [BEACON]
12:36:04   1 ffffffffffff 7c5a1ce1e716 [HIDDEN BEACON]
12:36:04   1 069a3ecc77b3 7c5a1ce1e717 Aubuchon_PublicWiFi [PROBERESPONSE]
12:36:05   1 ffffffffffff 7c5a1ce1e714 [HIDDEN BEACON]
12:36:05   1 dca266a3c309 1cb0445ed079 May the wifi be with you 2G [PROBERESPONSE]
12:36:05   1 00037f121313 7c5a1ce1e715 Aubuchon_VendorWiFi [PROBERESPONSE]
12:36:05   1 ffffffffffff 7c5a1ce1e717 Aubuchon_PublicWiFi [BEACON]
12:36:05   1 00037f121313 7c5a1ce1e714 Aubuchon_Elvis [PROBERESPONSE]
12:36:08   6 ffffffffffff 3c286d89e4bf The Mayers [BEACON]
12:36:11   6 ffffffffffff 50d4f757881a Taylors_EXT [BEACON]
12:36:13  11 ffffffffffff bca51177abbf Wilma's Revenge [BEACON]
12:36:13  11 e45f017fb193 c85acf18273d DIRECT-3B-HP DeskJet 4100 series [PROBERESPONSE]
12:36:13  11 ffffffffffff b4750ea6aab0 Linksys39722 [BEACON]
12:36:16   3 ffffffffffff 6038e008fc64 Village Court [BEACON]
12:36:16   3 ffffffffffff 6238e008fc66 [HIDDEN BEACON]
12:36:16   3 00037f121313 8c3bad400b0e Village [PROBERESPONSE]
12:36:17   3 ffffffffffff 6238e008fc65 Village Court-guest [BEACON]
12:36:27   1 ffffffffffff 40b89adaaad8 WIFIDAAAD4 [BEACON]
12:36:30   6 ffffffffffff ac3b77d808f4 MySpectrumWiFiee-2G [BEACON]
12:36:32  11 ffffffffffff 441ca88fd6e8 SETUP [BEACON]
12:36:32  11 527052fa3c01 08d59d035f6e EN2017 [PROBERESPONSE]
12:36:35  11 ec3dfd318051 b4750ea6aab0 Linksys39722 [PROBERESPONSE]
12:36:37   2 66f0fb3d2967 84a1d179eae8 MySpectrumWiFie2-2G [PROBERESPONSE]
12:36:40   4 b068e69868b9 6038e008fc64 Village Court [PROBERESPONSE]
12:36:40   4 b068e69868b9 6238e008fc65 Village Court-guest [PROBERESPONSE]
12:36:45   1 ffffffffffff 1459c0b57d4e NETGEAR07 [BEACON]
12:36:45   1 ffffffffffff e8ada646d7c6 MySpectrumWiFic0-2G [BEACON]
12:36:46   1 ffffffffffff 500959777317 TC8717T11 [BEACON]
12:36:48   6 ffffffffffff f855cd88e799 HotspotDVKB [BEACON]
12:36:49   6 ffffffffffff 4c710dd9f900 RSCSD-Voice [BEACON]
12:36:49   6 ffffffffffff 4c710dd9f901 RSCSD_Secure [BEACON]
12:36:50   6 ffffffffffff 4c710dd9f902 RSCSWireless [BEACON]
12:36:50   6 7426ac65503c 100000e209f6 RCSDVoice [AUTHENTICATION]
12:36:50   6 7426ac65503c 100000e209f6 RCSDVoice [ASSOCIATION]
12:36:50   6 7426ac65503c 100000e209f6 RCSDVoice [EAPOL:M1M2ROGUE EAPOLTIME:1657 RC:62476 KDV:2]
12:36:51   6 380195969a2a f855cd88e799 HotspotDVKB [PROBERESPONSE]
12:36:52  11 e45f017fb193 441ca88fd6e8 SETUP [PROBERESPONSE]
12:36:53  11 00037f125050 001a8cad9af5 Aubuchon_Elvis [PROBERESPONSE]
12:37:05   1 c022505d67d5 4c710d597f20 RSCSD-Voice [PMKIDROGUE:58ed122dd93884395371cab6c97fa6ee KDV:2]
12:37:05   1 ffffffffffff 3cbdc56af376 Verizon_NVCRP7 [BEACON]
12:37:11   6 72b05a80aeea ac3b77d808f4 MySpectrumWiFiee-2G [PROBERESPONSE]
12:37:13  11 1c3008052f0d e8ada65bccee MySpectrumWiFie8-2G [PROBERESPONSE]
12:37:15  11 ffffffffffff 802994fd8a46 TC8717T40 [BEACON]
12:37:15  11 c022505d67d5 802994fd8a46 TC8717T40 [PMKIDROGUE:8485f8789c671dbd5194f0d00dd8c1f1 KDV:2]
12:37:21  10 ffffffffffff 22ad5634fd8d HotspotFD8D [BEACON]
12:37:23  10 380195969a2a 22ad5634fd8d HotspotFD8D [PROBERESPONSE]
12:37:25   1 c022505d67d5 4c710d597f22 RSCSWireless [PMKIDROGUE:19794f037a77e88dbd829c7e8f72b420 KDV:2]
12:37:25   1 ffffffffffff 44adb13f914e SpectrumSetup-48 [BEACON]
12:37:26   1 e45f017fb193 4c710d597f21 RSCSD_Secure [PROBERESPONSE]
12:37:35  11 c022505d67d5 3c378655dd2a FlashRouter24 [PMKIDROGUE:2706e271b9818881f4e98b1ca23fb553 KDV:2]
12:37:44   1 ffffffffffff a4887336a501 Spectrum [BEACON]
12:37:44   1 ffffffffffff a4887336a503 Spectrum Mobile [BEACON]
12:37:45   1 48f07be664f5 3cbdc56af376 Verizon_NVCRP7 [PROBERESPONSE]
12:37:45   1 ffffffffffff 3c8cf8ed9f16 TRENDnet740_FS8Y [BEACON]
12:37:46   1 ffffffffffff c48e8fe783cb WIFIE783C7 [BEACON]
12:37:46   1 c022505d67d5 c48e8fe783cb WIFIE783C7 [PMKIDROGUE:48650532c3365f9b1b371850b2f89985 KDV:2]
12:37:47   1 6433dbd16231 3c8cf8ed9f19 TRENDnet740_FS8Y [PROBERESPONSE]
12:37:48   6 ffffffffffff c449bb9043ec WiFi Hotspot 6469 [BEACON]
12:37:48   6 4a08d6ee0f2c c449bb9043ec WiFi Hotspot 6469 [PROBERESPONSE]
12:37:49   6 2c337a5c5338 14b7f81232e6 Ghost [PROBERESPONSE]
12:37:51   6 1c12b09a35c9 a0648f947491 MySpectrumWiFi93-2G [PROBERESPONSE]
12:37:51   6 ffffffffffff 14b7f81232e6 Ghost [BEACON]
12:37:52  11 ffffffffffff eca940ebc260 Thumper [BEACON]
12:37:52  11 ffffffffffff 44adb17fd93e SpectrumSetup-38 [BEACON]
12:37:53  11 a4173186a667 841ea3c9255e SpectrumSetup-58 [PROBERESPONSE]
12:37:54  11 024274b21dd7 04a222dd7dea Fios-6nZNy [PROBERESPONSE]
12:38:04   1 ffffffffffff 16913829564f [HIDDEN BEACON]
12:38:07   1 0068ebd2314c 100000e209f8 Nate...s IPhone [AUTHENTICATION]
12:38:07   1 0068ebd2314c 100000e209f8 Nate...s IPhone [ASSOCIATION]
12:38:11   6 b035b5c90df8 100000e209f9 DIRECT-4C-HP OfficeJet Pro 6970 [AUTHENTICATION]
12:38:11   6 b035b5c90df8 100000e209f9 DIRECT-4C-HP OfficeJet Pro 6970 [REASSOCIATION]
12:38:11   6 c8c7501c8296 2edcad8918a9 DIRECT-G9-westerman [PROBERESPONSE]
12:38:20   4 ffffffffffff b03956e02f3f NETGEAR16 [BEACON]
12:38:20   4 c022505d67d5 b03956e02f3f NETGEAR16 [PMKIDROGUE:3cfd2db53ecd92d6855f739e7cb82b8b KDV:2]
12:38:24   1 ffffffffffff 0068ebd2314d DIRECT-4C-HP OfficeJet Pro 6970 [BEACON]
12:38:26   1 ffffffffffff b42a0ec56db5 GetYourOwnWifi-2G [BEACON]
12:38:27   1 e45f017fb193 a4887336a501 Spectrum [PROBERESPONSE]
12:38:27   1 e45f017fb193 a4887336a503 Spectrum Mobile [PROBERESPONSE]
12:38:28   6 ffffffffffff 945330dd8a0e Rocky-2G [BEACON]
12:38:28   6 8694569189e8 945330dd8a0e Rocky-2G [PROBERESPONSE]
12:38:28   6 ffffffffffff 2edcad8918a9 DIRECT-G9-westerman [BEACON]
12:38:31   6 ffffffffffff 5465de417f60 Park Inn [BEACON]
12:38:31   6 ffffffffffff 60197136cfc0 Touchpoint [BEACON]
12:38:33  11 f4d108ddd4c5 100000e209fe 33b4841a [AUTHENTICATION]
12:38:33  11 f4d108ddd4c5 100000e209fe 33b4841a [ASSOCIATION]
12:38:34  11 8602bf0a862a 4a63fc9c61f7 KaleighandAce [PROBERESPONSE]
12:38:37   7 0068ebd2314c 100000e209f8 Nate...s IPhone [EAPOL:M1M2ROGUE EAPOLTIME:1411 RC:62476 KDV:2]
12:38:40   9 ffffffffffff 24f5a2a9fe60 Nypizza [BEACON]
12:38:46   1 14913829d64f 3cbdc56af376 Verizon_NVCRP7 [ASSOCIATION]
12:38:46   1 14913829d64f 3cbdc56af376 Verizon_NVCRP7 [EAPOL:M1M2ROGUE EAPOLTIME:8745 RC:62476 KDV:2]
12:38:52  11 ffffffffffff 3453d2443a26 Drop Like Its Hotspot [BEACON]
12:38:54  11 ffffffffffff 32cda79de261 DIRECT-0iM288x Series [BEACON]
12:38:54  11 7ee9462f239d 26f5a2a8fe60 Nypizza-guest [PROBERESPONSE]
12:38:54  11 ffffffffffff 26f5a2a8fe60 Nypizza-guest [BEACON]
12:38:54  11 26a290559091 981e196da67e MySpectrumWiFi78-2G [PROBERESPONSE]
12:38:56   8 e8ada65bccee cc40d0711551 NETGEAR20 [PROBERESPONSE]
12:38:59   8 f099195dedab 100000e20a06 AT2K1 [AUTHENTICATION]
12:38:59   8 f099195dedab 100000e20a06 AT2K1 [ASSOCIATION]
12:39:04   1 ffffffffffff 0068eb06fdf5 DIRECT-F4-HP DeskJet 2600 series [BEACON]
12:39:05   1 ffffffffffff 601971334690 DG1670A92 [BEACON]
12:39:06   1 e45f017fb193 16913829564f DIRECT-n7-FireTV_d064 [PROBERESPONSE]
12:39:06   1 ffffffffffff fcecdaf4674b HBinsurance [BEACON]
12:39:07   1 ffffffffffff b0982b24b470 MySpectrumWiFi6a-2G [BEACON]
12:39:08   6 ffffffffffff 2aad1814813b [HIDDEN BEACON]
12:39:08   6 ffffffffffff 346895f24c51 Don Fergy [BEACON]
12:39:09   6 ffffffffffff aeae19639589 [HIDDEN BEACON]
12:39:10   6 1c3008052f0d a86badf04c2c Mickey [PROBERESPONSE]
12:39:12  11 ffffffffffff 707781d719b4 WIFID719B0 [BEACON]
12:39:12  11 ffffffffffff da313454caa7 [HIDDEN BEACON]
12:39:12  11 ffffffffffff e8ada65e5006 MySpectrumWiFi00-2G [BEACON]
12:39:13  11 cafa3cc5e557 32cda79de261 DIRECT-0iM288x Series [PROBERESPONSE]
12:39:13  11 c022505d67d5 705a9e6b9a49 RABBIT-Ethernet [PMKIDROGUE:493151220812e465b0ac178e8ec40a35 KDV:2]
12:39:14  11 e6aeb7796c16 24f5a2a9fe60 Nypizza [PROBERESPONSE]
12:39:24   1 ffffffffffff 0e8d9b5e65c2 FAP Private WiFi [BEACON]
12:39:24   1 1c3008052f0d feecdaf4674b HB Geust [PROBERESPONSE]
12:39:24   1 ffffffffffff 008764713860 RSCSD-BG [BEACON]
12:39:24   1 ffffffffffff e8ada65ed3ce MySpectrumWiFic8-2G [BEACON]
12:39:24   1 ffffffffffff fc528dff7cf5 grandson24 [BEACON]
12:39:24   1 44070b610b11 e8ada65ed3ce MySpectrumWiFic8-2G [PROBERESPONSE]
12:39:25   1 44070b610b11 541379e427ab DDW3611B0 [PROBERESPONSE]
12:39:25   1 ffffffffffff 1cb044a5e573 The Office 2g [BEACON]
12:39:25   1 44070b610b11 582ff773ccae SpectrumSetup-A8 [PROBERESPONSE]
12:39:25   1 ffffffffffff 0e8d9b5e65c1 FAP Branch WiFi [BEACON]
12:39:25   1 ffffffffffff 0217c88506c9 DIRECT-qPKM7CB9C9 [BEACON]
12:39:26   1 90a82249d5e1 fc528dff7cf5 grandson24 [PROBERESPONSE]
12:39:26   1 ffffffffffff 582ff773ccae SpectrumSetup-A8 [BEACON]
12:39:27   1 ffffffffffff e0885d0ee344 TC8717T3E [BEACON]
12:39:27   1 847ab62f232d 0e8d9b5e65c1 FAP Branch WiFi [PROBERESPONSE]
12:39:27   1 847ab62f232d 0e8d9b5e65c2 FAP Private WiFi [PROBERESPONSE]
12:39:27   1 5a54d89dadec e0885d0ee344 TC8717T3E [PROBERESPONSE]
12:39:28   6 ffffffffffff 582ff75fca46 SpectrumSetup-40 [BEACON]
12:39:28   6 90a82249d5e1 945330f7ee84 WIFIF7EE80 [PROBERESPONSE]
12:39:28   6 ffffffffffff ca3a6b36e1bb [HIDDEN BEACON]
12:39:29   6 ffffffffffff 9c3dcf987173 NETGEAR76 [BEACON]
12:39:29   6 ffffffffffff 30469a3eea3c home [BEACON]
12:39:29   6 ffffffffffff 945330f7ee84 WIFIF7EE80 [BEACON]
12:39:29   6 ffffffffffff da31348a9b26 [HIDDEN BEACON]
12:39:29   6 2c641f2a6f1c 30469a3eea3c home [PROBERESPONSE]
12:39:29   6 ffffffffffff c6411ee27a68 Troy and Abed in the Modem-guest [BEACON]
12:39:29   6 105932677431 3224a9f7d4e7 DIRECT-e7-HP M29 LaserJet [PROBERESPONSE]
12:39:29   6 ffffffffffff c4411ee27a68 Troy and Abed in the Modem [BEACON]
12:39:29   6 105932677431 c6411ee27a68 Troy and Abed in the Modem-guest [PROBERESPONSE]
12:39:29   6 ffffffffffff 3cbdc565fc56 Verizon_Q9N6DP [BEACON]
12:39:30   6 b8b7f197e932 c4411ee27a68 Troy and Abed in the Modem [PROBERESPONSE]
12:39:30   6 ca0a7a2d02a0 582ff75fca46 SpectrumSetup-40 [PROBERESPONSE]
12:39:32  11 ffffffffffff a49733c5b538 Tell Me Wi (fi) [BEACON]
12:39:32  11 ffffffffffff 008764713b40 RSCSD-BG [BEACON]
12:39:32  11 ffffffffffff 541379dd0e67 Main St Wellness&Fitness [BEACON]
12:39:33  11 1c3008052f0d a49733c5b538 Tell Me Wi (fi) [PROBERESPONSE]
12:39:33  11 ffffffffffff 1248be2db2e1 DIRECT-vp-Mark's FireTVStick [BEACON]
12:39:33  11 ffffffffffff e4c0e26a5f3e SpectrumSetup-38 [BEACON]
12:39:33  11 a0d0dc4895ee 707781d719b4 WIFID719B0 [PROBERESPONSE]
12:39:33  11 ffffffffffff 346895f892db WIFIF892D8 [BEACON]
12:39:36   3 ffffffffffff 8e1ad7a78932 Moto G Stylus [BEACON]
12:39:36   3 ffffffffffff 2a80883be986 ParkViewLiquorsGuest [BEACON]
12:39:36   3 105932677431 2a80883be986 ParkViewLiquorsGuest [PROBERESPONSE]
12:39:37   3 ffffffffffff 2880883be985 PVLiquors13439 [BEACON]
12:39:37   3 c022505d67d5 2880883be985 PVLiquors13439 [PMKIDROGUE:11346de431851561dd64c036da0b7231 KDV:2]
12:39:37   3 c022505d67d5 2a80883be986 ParkViewLiquorsGuest [PMKIDROGUE:8a2ed404ab1221dc24d91620cd2362c9 KDV:2]
12:39:38   3 ffffffffffff 1459c050fb71 Villagemotel [BEACON]
12:39:38   3 d4abcd95fbaa 2880883be985 PVLiquors13439 [PROBERESPONSE]
12:39:39   3 ffffffffffff 80cc9c309dc6 Villagemotel-1 [BEACON]
12:39:39   3 3c9c0fcbc91f 8e1ad7a78932 Moto G Stylus [PROBERESPONSE]
12:39:39   3 105932677431 1459c050fb71 Villagemotel [PROBERESPONSE]
12:39:40   5 ffffffffffff 32b4b82f32db My VW 5895 [BEACON]
12:39:43   5 2c641f2a6f1c 5465de417f60 Park Inn [PROBERESPONSE]
12:39:43   5 1c3008052f0d 32b4b82f32db My VW 5895 [PROBERESPONSE]
12:39:44   1 ffffffffffff e8ada64154d6 daddyDREET [BEACON]
12:39:45   1 e8d8d1106213 b0982b24b470 MySpectrumWiFi6a-2G [PROBERESPONSE]
12:39:45   1 e45f017fb193 008764713860 RSCSD-BG [PROBERESPONSE]
12:39:46   1 c022505d67d5 441ca8ceb813 JohnDeere-Wifi-2g [PMKIDROGUE:e11b2355bc4906534b38c2cc9d1fe373 KDV:2]
12:39:47   1 ffffffffffff 2c30334f9f01 MOTO2720_2GEXT [BEACON]
12:39:47   1 c022505d67d5 2c30334f9f01 MOTO2720_2GEXT [PMKIDROGUE:a187bc4ab660fd1d7f9aa33f25f487a1 KDV:2]
12:39:48   1 105932677431 40b89adaaad8 WIFIDAAAD4 [PROBERESPONSE]
12:39:48   6 90bde6ebb948 3cbdc565fc56 Verizon_Q9N6DP [PROBERESPONSE]
12:39:51   6 bc307e05b1cb d838fcbf01c8 Spectrum Free Trial [PROBERESPONSE]
12:39:51   6 d838fc3f01c8 60197136cfc0 Touchpoint [PROBERESPONSE]
12:39:54  11 ffffffffffff a86badeb2732 WIFIEB272F [BEACON]
12:39:57   2 90a82249d5e1 1cb044a5e573 The Office 2g [PROBERESPONSE]
12:39:57   2 ffffffffffff 6038e055adb0 Seayanow1 [BEACON]
12:39:58   2 d8be6522f5cd 6038e055adb3 belkin.db0.guests [PROBERESPONSE]
12:40:00   4 ffffffffffff c2a51128cd37 ORBI10 [BEACON]
12:40:00   4 ffffffffffff c6a51136552f [HIDDEN BEACON]
12:40:00   4 ffffffffffff c6a51128cd37 [HIDDEN BEACON]
12:40:00   4 90a82249d5e1 b03956e02f3f NETGEAR16 [PROBERESPONSE]
12:40:00   4 ffffffffffff c2a51136552f ORBI10 [BEACON]
12:40:01   4 788038441d7a c2a51128cd37 ORBI10 [PROBERESPONSE]
12:40:05   1 ffffffffffff cc03fafd4b28 TC8717T22 [BEACON]
12:40:05   1 30fd387a811b cc03fafd4b28 TC8717T22 [PROBERESPONSE]
12:40:06   1 ffffffffffff a89a93b8038e MySpectrumWiFi88-2G [BEACON]
12:40:07   1 ffffffffffff b42a0e634158 Helen's Internet [BEACON]
12:40:08   6 f2cc34689791 8a5a85919a81 Audi_MMI_4026 [PROBERESPONSE]
12:40:08   6 ffffffffffff 8a5a85f1ffdc MySilverado [BEACON]
12:40:08   6 ffffffffffff 8a5a85919a81 Audi_MMI_4026 [BEACON]
12:40:09   6 6433dbd16231 346895f24c51 Don Fergy [PROBERESPONSE]
12:40:09   6 d831348a9b26 945330dd8a0e Rocky-2G [PMKID:8c52a11196f0ca3a81f7ee17b3b0acca KDV:2]
12:40:10   6 e236bf27d8f6 8a5a85f1ffdc MySilverado [PROBERESPONSE]
12:40:12  11 ffffffffffff c449bb6976c0 Christines Terrain [BEACON]
12:40:12  11 7a7421bcb5d8 c449bb6976c0 Christines Terrain [PROBERESPONSE]
12:40:14  11 ffffffffffff 88de7cd7bfa7 DelaTorre [BEACON]
12:40:14  11 6a80a5cd8927 e8ada65e5006 MySpectrumWiFi00-2G [PROBERESPONSE]
12:40:15  11 ffffffffffff 2eaa8ed89cb6 [HIDDEN BEACON]
12:40:18   7 ffffffffffff 98ed7e364e64 [HIDDEN BEACON]
12:40:18   7 ffffffffffff 98ed7e364e6a [HIDDEN BEACON]
12:40:18   7 ffffffffffff 98ed7e364e67 z00mer [BEACON]
12:40:20   9 ffffffffffff 86eaed1a8ce9 [HIDDEN BEACON]
12:40:20   9 ffffffffffff 14cb19f0c121 DIRECT-1F-HP DeskJet Plus 4100 [BEACON]
12:40:22   9 90a82249d5e1 14cb19f0c121 DIRECT-1F-HP DeskJet Plus 4100 [PROBERESPONSE]
12:40:29   6 90a822034ea0 a0648f947491 MySpectrumWiFi93-2G [AUTHENTICATION]
12:40:29   6 90a822034ea0 a0648f947491 MySpectrumWiFi93-2G [EAPOL:M1M2 EAPOLTIME:4202 RC:1 KDV:2]
12:40:29   6 90a822034ea0 a0648f947491 MySpectrumWiFi93-2G [EAPOL:M2M3 EAPOLTIME:12503 RC:2 KDV:2]
12:40:32  11 30fd387a811b 44adb17fd93e SpectrumSetup-38 [PROBERESPONSE]
12:40:46   1 c022505d67d5 541379e427ab DDW3611B0 [PMKIDROGUE:dd1f1ff3f638c93734870497e50d3869 KDV:2]
12:40:54  11 14cb19f0c11f 106f3fda5de4 RevDrNoble [PROBERESPONSE]
12:41:07   1 14913829d64f 3cbdc56af376 Verizon_NVCRP7 [EAPOL:M1M2 EAPOLTIME:15708 RC:6 KDV:2]
12:41:07   1 14913829d64f 3cbdc56af376 Verizon_NVCRP7 [EAPOL:M2M3 EAPOLTIME:7566 RC:7 KDV:2]
12:41:10   6 ffffffffffff 08b4b1383e15 Google WiFi [BEACON]
12:41:12  11 ffffffffffff 3453d2247996 SpectrumSetup-90 [BEACON]
12:41:32  11 ffffffffffff 1ed6beae3c85 myGMC [BEACON]
12:41:34  11 bc307e147a63 1ed6beae3c85 myGMC [PROBERESPONSE]
12:41:48   6 e45f017fb193 4c710dd9f900 RSCSD-Voice [PROBERESPONSE]
12:42:02   9 241407b96beb 100000e209f1 VMG ENTERPRISES [AUTHENTICATION]
12:42:03   9 241407b96beb 100000e209f1 VMG ENTERPRISES [REASSOCIATION]
12:42:03   9 241407b96beb 100000e209f1 VMG ENTERPRISES [EAPOL:M1M2ROGUE EAPOLTIME:1360 RC:62476 KDV:2]
12:42:04   1 ffffffffffff 0054afc7f040 HotspotF040 [BEACON]
12:42:05   1 e45f017fb193 0054afc7f040 HotspotF040 [PROBERESPONSE]
12:42:09   6 e26335f044a6 50d4f757881a Taylors_EXT [PROBERESPONSE]
12:42:47   1 ffffffffffff ccdb93922120 Spectrum Free Trial [BEACON]
12:42:55  11 ffffffffffff 28565ab7e428 Bronner Manor [BEACON]
12:43:07   1 0ea00bcdc368 84a06ea4a846 MySpectrumWiFi40-2G [PROBERESPONSE]
12:43:09   6 ffffffffffff 62e6f00c645d myGMC 645d [BEACON]
12:43:09   6 3c22fb2724fc 62e6f00c645d myGMC 645d [PROBERESPONSE]
12:43:10   6 42b961ac27d3 b42a0ea3dc14 TC8715D0E [PROBERESPONSE]
12:43:12  11 ffffffffffff 9a4914cdb8cd DIRECT-MBUX 36685 [BEACON]
12:43:25   1 ffffffffffff 3453d2449cae SpectrumSetup-A8 [BEACON]
12:43:28   6 9c8d7cb268ac c449bb310a0e WiFi Hotspot 2264 [PROBERESPONSE]
12:43:30   6 ffffffffffff 3c286d865dc2 The Mayers [BEACON]
12:43:31   6 ffffffffffff 142d273c5911 Taylors [BEACON]
12:43:36   7 ffffffffffff c449bb310a0e WiFi Hotspot 2264 [BEACON]
12:44:02  10 ea752a9920a3 1cb044df6913 MySpectrumWiFi15-2G [PROBERESPONSE]
12:44:07   1 000e8f3a8e1a fa6a1f386e99 SpectrumSetup-98 [PROBERESPONSE]
12:44:07   1 e45f017fb193 981e194bfcbe COCU 2G [PROBERESPONSE]
12:44:09   6 f2abaf9017a6 30f77289f39f Scooter [PROBERESPONSE]
12:44:09   6 3e2303379597 ac3b77c35f0c MySpectrumWiFi06-2G [PROBERESPONSE]
12:44:11   6 ffffffffffff ac3b77c35f0c MySpectrumWiFi06-2G [BEACON]
12:44:24   1 e45f017fb193 00778d1d8f21 RSCSWireless [PROBERESPONSE]
12:44:24   1 ffffffffffff 7802b125a0c2 RSCSWireless [BEACON]
12:44:25   1 c022505d67d5 7802b125a0c1 RSCSD-Voice [PMKIDROGUE:67c3563c8b9f9196a68716b0720c9b1c KDV:2]
12:44:27   1 ffffffffffff 1831bfac0a78 ASUS IV [BEACON]
12:44:29   6 ffffffffffff f82819fc7075 [HIDDEN BEACON]
12:44:32  11 ffffffffffff f8f532884787 MySpectrumWiFi86-2G [BEACON]
12:44:32  11 ffffffffffff ec1a59d4000c belkin.00c [BEACON]
12:44:32  11 ffffffffffff 3835fbe849e6 MySpectrumWiFie0-2G [BEACON]
12:44:44   1 ffffffffffff 7802b12595e3 [HIDDEN BEACON]
12:44:44   1 ffffffffffff 7802b12595e0 RSCSD_Secure [BEACON]
12:44:44   1 ffffffffffff 7802b12595e1 RSCSD-Voice [BEACON]
12:44:45   1 c022505d67d5 7802b12595e2 RSCSWireless [PMKIDROGUE:c450fffd56dbf35f84ae6963d8913f20 KDV:2]
12:44:46   1 c022505d67d5 7802b12595e1 RSCSD-Voice [PMKIDROGUE:9a3fce8ac10d2b4e2a45f5d312c1b08d KDV:2]
12:44:47   1 e45f017fb193 7802b12595e1 RSCSD-Voice [PROBERESPONSE]
12:44:47   1 e45f017fb193 7802b12595e2 RSCSWireless [PROBERESPONSE]
12:44:53  11 ffffffffffff d46e0ecce040 monzar [BEACON]
12:44:54  11 ffffffffffff 7802b1259920 RSCSD_Secure [BEACON]
12:44:54  11 ffffffffffff 7802b1259922 [HIDDEN BEACON]
12:45:24   1 ffffffffffff 4045da5e7108 Verizon-RC400L-56 [BEACON]
12:45:24   1 ffffffffffff 9a4914171470 Davidj [BEACON]
12:45:24   1 424bd776de29 4045da5e7108 Verizon-RC400L-56 [PROBERESPONSE]
12:45:24   1 fe6846941f3e 9a4914171470 Davidj [PROBERESPONSE]
12:45:32  11 80d21df41b13 3c378655dd2a FlashRouter24 [PROBERESPONSE]
12:45:47   1 c6608787b1f1 a0648fe1a36f MySpectrumWiFi71-2G [PROBERESPONSE]
12:45:52  11 ffffffffffff 3453d2be7e5f Jewels20082010 [BEACON]
12:46:08   1 201f3b9fb61e a89a93a0c2ae MySpectrumWiFia8-2G [PROBERESPONSE]
12:46:08   6 ffffffffffff 6ad79a191b6e Kingfisher - Guest [BEACON]
12:46:08   6 201f3b9fb61e 6ad79a191b6e Kingfisher - Guest [PROBERESPONSE]
12:46:08   6 201f3b9fb61e 68d79a291b6e Kingfisher [PROBERESPONSE]
12:46:08   6 ffffffffffff 68d79a291b6e Kingfisher [BEACON]
12:46:08   6 ffffffffffff 6ad79a291b6e [HIDDEN BEACON]
12:46:10   6 ffffffffffff 78acc006822e HPJ610a.06822E [BEACON]
12:46:25   1 3a94ed07a14b b03956aa9ca8 butler33_2GEXT [AUTHENTICATION]
12:46:25   1 3a94ed07a14b b03956aa9ca8 butler33_2GEXT [ASSOCIATION]
12:46:48   6 ffffffffffff fcdb21231dac hustedtrucking [BEACON]
12:46:56   7 a24241cbc59c fcdb21231dac hustedtrucking [PROBERESPONSE]
12:47:27   1 ffffffffffff 22ad56239fa8 Hotspot9FA8 [BEACON]
12:47:33  11 ffffffffffff 88de7c96d721 Aaronswifi [BEACON]
12:47:35  11 48eb62de117d 28565aad400e MONTICELLO [PROBERESPONSE]
12:47:45   1 e45f017fb193 22ad56239fa8 Hotspot9FA8 [PROBERESPONSE]
12:47:52  11 ffffffffffff 8c8580518ea5 [HIDDEN BEACON]
12:47:55  11 b65ec98c7340 84e892f79507 H6BYS [REASSOCIATION]
12:47:55  11 b65ec98c7340 84e892f79507 H6BYS [EAPOL:M1M2ROGUE EAPOLTIME:4139 RC:62476 KDV:2]
12:47:55  11 ffffffffffff 8e4962e8d300 [HIDDEN BEACON]
12:48:18   2 ffffffffffff fa8fca755140 Basement TV.b, [BEACON]
12:48:23   4 a0d0dc5313c0 a2c9eb32e2f0 Johnson [EAPOL:M1M2 EAPOLTIME:18280 RC:1 KDV:2]
12:48:25   1 d86c63781a70 100000e209e6 TG1672GC2 [AUTHENTICATION]
12:48:25   1 d86c63781a70 100000e209e6 TG1672GC2 [ASSOCIATION]
12:48:25   1 d86c63781a70 100000e209e6 TG1672GC2 [EAPOL:M1M2ROGUE EAPOLTIME:12540 RC:62476 KDV:2]
12:48:28   6 ffffffffffff c4f8398d4f29 MyVolvoTk86xl [BEACON]
12:48:32  11 ffffffffffff 14cb19ea6de0 DIRECT-DF-HP DeskJet 4100 series [BEACON]
12:48:39   7 2c61f609b58e 181bebcf18d3 LBJ7P [PMKID:cf07842f17dc62ec3722620b4ed69c65 KDV:2]
12:48:39   7 2c61f609b58e 181bebcf18d3 LBJ7P [EAPOL:M3M4ZEROED EAPOLTIME:2361 RC:3 KDV:2]
12:48:40   9 ffffffffffff 2cb05d36fc06 There is no wifi, only Zuul! [BEACON]
12:48:40   9 9c32ce371a74 2cb05d36fc06 There is no wifi, only Zuul! [PROBERESPONSE]
12:48:41   9 ffffffffffff 0c8063c3f859 There is no wifi, only Zuul! [BEACON]
12:48:41   9 ffffffffffff fa8fca84eacf [HIDDEN BEACON]
12:48:41   9 9c32ce371a74 2cb05d36fc06 There is no wifi, only Zuul! [AUTHENTICATION]
12:48:41   9 9c32ce371a74 2cb05d36fc06 There is no wifi, only Zuul! [ASSOCIATION]
12:48:41   9 9c32ce371a74 2cb05d36fc06 There is no wifi, only Zuul! [EAPOL:M2M3 EAPOLTIME:14109 RC:3 KDV:2]
12:48:42   9 e4f04243cc09 0c8063c3f859 There is no wifi, only Zuul! [PROBERESPONSE]
12:48:43   9 9c32ce371a74 2cb05d36fc06 There is no wifi, only Zuul! [PMKID:66166a6f7bd15710bf0182d83b12e8fa KDV:2]
12:48:46   1 ffffffffffff 541379f178e3 TG862G12 [BEACON]
12:48:46   1 a86bad950c34 541379f178e3 TG862G12 [PROBERESPONSE]
12:48:52  11 c022505d67d5 705a9e521655 Pickens [PMKIDROGUE:3c2c7b79e5c735422eef22a77162b191 KDV:2]
12:48:57   8 f45c89a7171d 0c8063c3f859 There is no wifi, only Zuul! [AUTHENTICATION]
12:48:57   8 f45c89a7171d 0c8063c3f859 There is no wifi, only Zuul! [ASSOCIATION]
12:48:57   8 f45c89a7171d 0c8063c3f859 There is no wifi, only Zuul! [EAPOL:M2M3 EAPOLTIME:11584 RC:2 KDV:2]
12:49:14  11 cc6da0d454cf 40b89adcd18c GroganWifi-2G [EAPOL:M1M2 EAPOLTIME:5279 RC:0 KDV:2]
12:49:15  11 cc6da0d454cf 40b89adcd18c GroganWifi-2G [EAPOL:M1M2 EAPOLTIME:4739 RC:2 KDV:2]
12:49:18  12 cc6da0d454cf 40b89adcd18c GroganWifi-2G [EAPOL:M1M2 EAPOLTIME:2902 RC:5 KDV:2]
12:49:33  11 d62172c90516 44a56e98871c TC8717TC2_2GEXT [EAPOL:M3M4ZEROED EAPOLTIME:3086 RC:2 KDV:2]
12:49:33  11 d62172c90516 44a56e98871c TC8717TC2_2GEXT [REASSOCIATION]
12:49:54  11 cc6da0d454cf 40b89adcd18c GroganWifi-2G [EAPOL:M1M2 EAPOLTIME:2886 RC:5 KDV:2]
12:49:59   2 96a67e09410e 78d294828055 NETGEAR51 [AUTHENTICATION]
12:50:05   1 020fb5ddbe9a 78d294828055 NETGEAR51 [EAPOL:M2M3 EAPOLTIME:2749 RC:2 KDV:2]
12:50:05   1 020fb5ddbe9a 78d294828055 NETGEAR51 [EAPOL:M3M4ZEROED EAPOLTIME:18779 RC:2 KDV:2]
12:50:19   7 fa13c7c5ab30 3ea46adca119 02102021 [EAPOL:M3M4ZEROED EAPOLTIME:5629 RC:2 KDV:2]
12:50:30   6 48a2e61329a8 3ea46adc8c10 02102021 [EAPOL:M1M2 EAPOLTIME:4519 RC:1 KDV:2]
12:50:30   6 48a2e61329a8 3ea46adc8c10 02102021 [EAPOL:M2M3 EAPOLTIME:17986 RC:2 KDV:2]
12:50:32  11 ffffffffffff c449bbd2ae25 WiFi Hotspot 7963 [BEACON]
12:50:32  11 cab799e2fef7 c449bbd2ae25 WiFi Hotspot 7963 [PROBERESPONSE]
12:50:47   1 0e80628461d3 3453d2bd8c88 SpectrumSetup-82 [EAPOL:M1M2 EAPOLTIME:3597 RC:7 KDV:2]
12:50:47   1 0e80628461d3 3453d2bd8c88 SpectrumSetup-82 [EAPOL:M2M3 EAPOLTIME:6866 RC:8 KDV:2]
12:50:50   6 e45f017fb193 48f8b3b1c06a elbudro [PROBERESPONSE]
12:52:15  11 e45f017fb193 0836c9e56b63 JMa96-2.4 [EAPOL:M3M4ZEROED EAPOLTIME:2901 RC:4 KDV:2]
12:52:24   1 ffffffffffff bca511f561af NETGEAR27 [BEACON]
12:52:32  11 ffffffffffff d40598e995d0 TG1672GD2 [BEACON]
12:52:32  11 88b6eec3fa95 d40598e995d0 TG1672GD2 [PROBERESPONSE]
12:52:53  11 ec8eb5196899 346b465b93ba MySpectrumWiFib4-2G [AUTHENTICATION]
12:52:53  11 ec8eb5196899 346b465b93ba MySpectrumWiFib4-2G [REASSOCIATION]
12:54:55  11 722484227e36 541379fbb789 Diana [PROBERESPONSE]
12:57:57   3 6a6e002798d8 08863b16ca88 belkin.a88 [PROBERESPONSE]
