reading from dumpfile.pcapng...

summary capture file
--------------------
file name................................: dumpfile.pcapng
version (pcapng).........................: 1.0
operating system.........................: Linux 5.15.32-v7+
application..............................: hcxdumptool 6.0.5
interface name...........................: wlan1
interface vendor.........................: 00c0ca
weak candidate...........................: 12345678
MAC ACCESS POINT.........................: 100000e209d3 (incremented on every new client)
MAC CLIENT...............................: c022505d67d5
REPLAYCOUNT..............................: 62476
ANONCE...................................: c75fccfaeacf2083f38d7af3299090e61dc8fe73e352edecb2d9fe8e4cf8e8b4
SNONCE...................................: d270398921e82a685d7804e0fed14ad746e943e9c283d561f92e4da79e5de006
timestamp minimum (GMT)..................: 23.04.2022 12:24:28
timestamp maximum (GMT)..................: 23.04.2022 13:08:39
used capture interfaces..................: 1
link layer header type...................: DLT_IEEE802_11_RADIO (127)
endianess (capture system)...............: little endian
packets inside...........................: 11627
WIRELESS DISTRIBUTION SYSTEM.............: 5
BEACON (total)...........................: 387
PROBEREQUEST.............................: 99
PROBEREQUEST (directed)..................: 14
PROBERESONSE.............................: 241
AUTHENTICATION (total)...................: 241
AUTHENTICATION (OPEN SYSTEM).............: 241
ASSOCIATIONREQUEST (total)...............: 24
ASSOCIATIONREQUEST (PSK).................: 24
REASSOCIATIONREQUEST (total).............: 9
REASSOCIATIONREQUEST (PSK)...............: 9
EAPOL messages (total)...................: 10413
EAPOL RSN messages.......................: 10413
ESSID (total unique).....................: 324
EAPOLTIME gap (measured maximum usec)....: 35401160
EAPOL ANONCE error corrections (NC)......: working
REPLAYCOUNT gap (suggested NC)...........: 5
EAPOL M1 messages........................: 9445
EAPOL M2 messages........................: 862
EAPOL M3 messages........................: 84
EAPOL M4 messages........................: 22
EAPOL pairs (total)......................: 4434
EAPOL pairs (best).......................: 31
EAPOL ROGUE pairs........................: 15
EAPOL pairs written to combi hash file...: 31 (RC checked)
EAPOL M12E2..............................: 17
EAPOL M14E4..............................: 1
EAPOL M32E2..............................: 13
PMKID (total)............................: 461
PMKID (useless)..........................: 545
PMKID (best).............................: 49
PMKID ROGUE..............................: 39
PMKID written to combi hash file.........: 49
malformed packets (total)................: 3
IE TAG length error (malformed packets)..: 2
ESSID error (malformed packets)..........: 1

